<?xml version="1.0" encoding="UTF-8"?>
<!-- Generated by org.testng.reporters.JUnitXMLReporter -->
<testsuite ignored="1" hostname="DESKTOP-J9AEECA" failures="0" tests="5" name="Chrome Browser" time="173.129" errors="0" timestamp="2024-06-12T10:54:58 IST">
  <testcase classname="com.agrilin.testscript.HomePageTest" name="logInTest" time="9.735"/>
  <testcase classname="com.agrilin.testscript.TrendingProductsTest" name="trendingProducts" time="104.753"/>
  <testcase classname="com.agrilin.testscript.InvalidLogIn" name="inValidLoginScenaio_1" time="0.813"/>
  <testcase classname="com.agrilin.testscript.InvalidLogIn" name="inValidLoginScenaio_2" time="1.039"/>
  <testcase classname="com.agrilin.testscript.ValidLogIn" name="validLogIn" time="7.635"/>
  <testcase classname="com.agrilin.testscript.OrderStatisticsTest" name="orderStatistics" time="0.0">
    <ignored/>
  </testcase> <!-- orderStatistics -->
</testsuite> <!-- Chrome Browser -->
