<?xml version="1.0" encoding="UTF-8"?>
<!-- Generated by org.testng.reporters.JUnitXMLReporter -->
<testsuite ignored="1" hostname="DESKTOP-J9AEECA" failures="0" tests="5" name="Edge Browser" time="188.58" errors="0" timestamp="2024-06-12T10:55:13 IST">
  <testcase classname="com.agrilin.testscript.HomePageTest" name="logInTest" time="8.623"/>
  <testcase classname="com.agrilin.testscript.TrendingProductsTest" name="trendingProducts" time="118.804"/>
  <testcase classname="com.agrilin.testscript.InvalidLogIn" name="inValidLoginScenaio_1" time="1.034"/>
  <testcase classname="com.agrilin.testscript.InvalidLogIn" name="inValidLoginScenaio_2" time="0.879"/>
  <testcase classname="com.agrilin.testscript.ValidLogIn" name="validLogIn" time="4.654"/>
  <testcase classname="com.agrilin.testscript.OrderStatisticsTest" name="orderStatistics" time="0.0">
    <ignored/>
  </testcase> <!-- orderStatistics -->
</testsuite> <!-- Edge Browser -->
