<?xml version="1.0" encoding="UTF-8"?>
<!-- Generated by org.testng.reporters.JUnitXMLReporter -->
<testsuite ignored="1" hostname="DESKTOP-J9AEECA" failures="1" tests="5" name="Firefox Browser" time="113.357" errors="0" timestamp="2024-06-12T10:53:58 IST">
  <testcase classname="com.agrilin.testscript.HomePageTest" name="logInTest" time="9.119"/>
  <testcase classname="com.agrilin.testscript.TrendingProductsTest" name="trendingProducts" time="15.881"/>
  <testcase classname="com.agrilin.testscript.InvalidLogIn" name="inValidLoginScenaio_1" time="0.034">
    <failure type="org.openqa.selenium.ElementClickInterceptedException" message="Element &amp;lt;button class=&amp;quot;flex items-center text-xs sm:text-md hover:text-yellow-custom-900 text-white border rounded-lg hover:border-yellow-custom-900 border-white px-4 md:px-6 lg:px-10 py-4&amp;quot;&amp;gt; is not clickable at point (920,64) because another element &amp;lt;div id=&amp;quot;headlessui-dialog-panel-:r1:&amp;quot; class=&amp;quot;flex justify-center items-center h-full min-h-full min-w-full ease-in duration-200 opacity-0 scale-95&amp;quot;&amp;gt; obscures it
Build info: version: &amp;apos;4.18.1&amp;apos;, revision: &amp;apos;b1d3319b48&amp;apos;
System info: os.name: &amp;apos;Windows 11&amp;apos;, os.arch: &amp;apos;amd64&amp;apos;, os.version: &amp;apos;10.0&amp;apos;, java.version: &amp;apos;22&amp;apos;
Driver info: org.openqa.selenium.firefox.FirefoxDriver
Command: [5d7825dd-24e6-4a61-99cf-2b882b5b0e56, clickElement {id=992fbb79-f97e-4f78-9fd4-559037efb7c2}]
Capabilities {acceptInsecureCerts: true, browserName: firefox, browserVersion: 126.0.1, moz:accessibilityChecks: false, moz:buildID: 20240526221752, moz:debuggerAddress: 127.0.0.1:16660, moz:geckodriverVersion: 0.34.0, moz:headless: false, moz:platformVersion: 10.0, moz:processID: 23192, moz:profile: C:\Users\User\AppData\Local..., moz:shutdownTimeout: 60000, moz:webdriverClick: true, moz:windowless: false, pageLoadStrategy: normal, platformName: windows, proxy: Proxy(), se:cdp: ws://127.0.0.1:16660/devtoo..., se:cdpVersion: 85.0, setWindowRect: true, strictFileInteractability: false, timeouts: {implicit: 0, pageLoad: 300000, script: 30000}, unhandledPromptBehavior: dismiss and notify, userAgent: Mozilla/5.0 (Windows NT 10....}
Element: [[FirefoxDriver: firefox on windows (5d7825dd-24e6-4a61-99cf-2b882b5b0e56)] -&amp;gt; xpath: //div/button[text()=&amp;apos;SIGN IN&amp;apos;]]
Session ID: 5d7825dd-24e6-4a61-99cf-2b882b5b0e56">
      <![CDATA[org.openqa.selenium.ElementClickInterceptedException: Element <button class="flex items-center text-xs sm:text-md hover:text-yellow-custom-900 text-white border rounded-lg hover:border-yellow-custom-900 border-white px-4 md:px-6 lg:px-10 py-4"> is not clickable at point (920,64) because another element <div id="headlessui-dialog-panel-:r1:" class="flex justify-center items-center h-full min-h-full min-w-full ease-in duration-200 opacity-0 scale-95"> obscures it
Build info: version: '4.18.1', revision: 'b1d3319b48'
System info: os.name: 'Windows 11', os.arch: 'amd64', os.version: '10.0', java.version: '22'
Driver info: org.openqa.selenium.firefox.FirefoxDriver
Command: [5d7825dd-24e6-4a61-99cf-2b882b5b0e56, clickElement {id=992fbb79-f97e-4f78-9fd4-559037efb7c2}]
Capabilities {acceptInsecureCerts: true, browserName: firefox, browserVersion: 126.0.1, moz:accessibilityChecks: false, moz:buildID: 20240526221752, moz:debuggerAddress: 127.0.0.1:16660, moz:geckodriverVersion: 0.34.0, moz:headless: false, moz:platformVersion: 10.0, moz:processID: 23192, moz:profile: C:\Users\User\AppData\Local..., moz:shutdownTimeout: 60000, moz:webdriverClick: true, moz:windowless: false, pageLoadStrategy: normal, platformName: windows, proxy: Proxy(), se:cdp: ws://127.0.0.1:16660/devtoo..., se:cdpVersion: 85.0, setWindowRect: true, strictFileInteractability: false, timeouts: {implicit: 0, pageLoad: 300000, script: 30000}, unhandledPromptBehavior: dismiss and notify, userAgent: Mozilla/5.0 (Windows NT 10....}
Element: [[FirefoxDriver: firefox on windows (5d7825dd-24e6-4a61-99cf-2b882b5b0e56)] -> xpath: //div/button[text()='SIGN IN']]
Session ID: 5d7825dd-24e6-4a61-99cf-2b882b5b0e56
at org.openqa.selenium.remote.ErrorCodec.decode(ErrorCodec.java:167)
at org.openqa.selenium.remote.codec.w3c.W3CHttpResponseCodec.decode(W3CHttpResponseCodec.java:138)
at org.openqa.selenium.remote.codec.w3c.W3CHttpResponseCodec.decode(W3CHttpResponseCodec.java:50)
at org.openqa.selenium.remote.HttpCommandExecutor.execute(HttpCommandExecutor.java:190)
at org.openqa.selenium.remote.service.DriverCommandExecutor.invokeExecute(DriverCommandExecutor.java:216)
at org.openqa.selenium.remote.service.DriverCommandExecutor.execute(DriverCommandExecutor.java:174)
at org.openqa.selenium.remote.RemoteWebDriver.execute(RemoteWebDriver.java:519)
at org.openqa.selenium.remote.RemoteWebElement.execute(RemoteWebElement.java:223)
at org.openqa.selenium.remote.RemoteWebElement.click(RemoteWebElement.java:76)
at org.openqa.selenium.support.pagefactory.internal.LocatingElementHandler.invoke(LocatingElementHandler.java:51)
at jdk.proxy2/jdk.proxy2.$Proxy16.click(Unknown Source)
at com.agrilin.page.HomePage.signIn(HomePage.java:38)
at com.agrilin.generic.LoginLogout.signInButton(LoginLogout.java:42)
at com.agrilin.testscript.InvalidLogIn.inValidLoginScenaio_1(InvalidLogIn.java:21)
at java.base/java.util.ArrayList.forEach(ArrayList.java:1597)
at java.base/java.util.concurrent.FutureTask.run(FutureTask.java:317)
at java.base/java.util.concurrent.ThreadPoolExecutor.runWorker(ThreadPoolExecutor.java:1144)
at java.base/java.util.concurrent.ThreadPoolExecutor$Worker.run(ThreadPoolExecutor.java:642)
at java.base/java.lang.Thread.run(Thread.java:1570)
... Removed 20 stack frames]]>
    </failure>
  </testcase> <!-- inValidLoginScenaio_1 -->
  <testcase classname="com.agrilin.testscript.InvalidLogIn" name="inValidLoginScenaio_2" time="1.909"/>
  <testcase classname="com.agrilin.testscript.ValidLogIn" name="validLogIn" time="4.321"/>
  <testcase classname="com.agrilin.testscript.OrderStatisticsTest" name="orderStatistics" time="0.0">
    <ignored/>
  </testcase> <!-- orderStatistics -->
</testsuite> <!-- Firefox Browser -->
