<?xml version="1.0" encoding="UTF-8"?>
<testng-results ignored="0" total="15" passed="15" failed="0" skipped="0">
  <reporter-output>
  </reporter-output>
  <suite started-at="2024-06-02T10:58:01 IST" name="Suite" finished-at="2024-06-02T10:59:58 IST" duration-ms="116909">
    <groups>
      <group name="trending">
        <method signature="TrendingProductsTest.trendingProducts()[pri:0, instance:com.agrilin.testscript.TrendingProductsTest@a1f72f5]" name="trendingProducts" class="com.agrilin.testscript.TrendingProductsTest"/>
        <method signature="TrendingProductsTest.trendingProducts()[pri:0, instance:com.agrilin.testscript.TrendingProductsTest@bb9e6dc]" name="trendingProducts" class="com.agrilin.testscript.TrendingProductsTest"/>
        <method signature="TrendingProductsTest.trendingProducts()[pri:0, instance:com.agrilin.testscript.TrendingProductsTest@4a00d9cf]" name="trendingProducts" class="com.agrilin.testscript.TrendingProductsTest"/>
      </group> <!-- trending -->
      <group name="invalid login">
        <method signature="InvalidLogIn.inValidLoginScenaio_1()[pri:0, instance:com.agrilin.testscript.InvalidLogIn@4b2c5e02]" name="inValidLoginScenaio_1" class="com.agrilin.testscript.InvalidLogIn"/>
        <method signature="InvalidLogIn.inValidLoginScenaio_2()[pri:0, instance:com.agrilin.testscript.InvalidLogIn@4b2c5e02]" name="inValidLoginScenaio_2" class="com.agrilin.testscript.InvalidLogIn"/>
        <method signature="InvalidLogIn.inValidLoginScenaio_1()[pri:0, instance:com.agrilin.testscript.InvalidLogIn@5456afaa]" name="inValidLoginScenaio_1" class="com.agrilin.testscript.InvalidLogIn"/>
        <method signature="InvalidLogIn.inValidLoginScenaio_2()[pri:0, instance:com.agrilin.testscript.InvalidLogIn@5456afaa]" name="inValidLoginScenaio_2" class="com.agrilin.testscript.InvalidLogIn"/>
        <method signature="InvalidLogIn.inValidLoginScenaio_1()[pri:0, instance:com.agrilin.testscript.InvalidLogIn@6736fa8d]" name="inValidLoginScenaio_1" class="com.agrilin.testscript.InvalidLogIn"/>
        <method signature="InvalidLogIn.inValidLoginScenaio_2()[pri:0, instance:com.agrilin.testscript.InvalidLogIn@6736fa8d]" name="inValidLoginScenaio_2" class="com.agrilin.testscript.InvalidLogIn"/>
      </group> <!-- invalid login -->
      <group name="login">
        <method signature="HomePageTest.logInTest()[pri:0, instance:com.agrilin.testscript.HomePageTest@18ece7f4]" name="logInTest" class="com.agrilin.testscript.HomePageTest"/>
        <method signature="InvalidLogIn.inValidLoginScenaio_1()[pri:0, instance:com.agrilin.testscript.InvalidLogIn@4b2c5e02]" name="inValidLoginScenaio_1" class="com.agrilin.testscript.InvalidLogIn"/>
        <method signature="InvalidLogIn.inValidLoginScenaio_2()[pri:0, instance:com.agrilin.testscript.InvalidLogIn@4b2c5e02]" name="inValidLoginScenaio_2" class="com.agrilin.testscript.InvalidLogIn"/>
        <method signature="ValidLogIn.validLogIn()[pri:0, instance:com.agrilin.testscript.ValidLogIn@75c56eb9]" name="validLogIn" class="com.agrilin.testscript.ValidLogIn"/>
        <method signature="HomePageTest.logInTest()[pri:0, instance:com.agrilin.testscript.HomePageTest@4dd6fd0a]" name="logInTest" class="com.agrilin.testscript.HomePageTest"/>
        <method signature="InvalidLogIn.inValidLoginScenaio_1()[pri:0, instance:com.agrilin.testscript.InvalidLogIn@5456afaa]" name="inValidLoginScenaio_1" class="com.agrilin.testscript.InvalidLogIn"/>
        <method signature="InvalidLogIn.inValidLoginScenaio_2()[pri:0, instance:com.agrilin.testscript.InvalidLogIn@5456afaa]" name="inValidLoginScenaio_2" class="com.agrilin.testscript.InvalidLogIn"/>
        <method signature="ValidLogIn.validLogIn()[pri:0, instance:com.agrilin.testscript.ValidLogIn@1cd629b3]" name="validLogIn" class="com.agrilin.testscript.ValidLogIn"/>
        <method signature="HomePageTest.logInTest()[pri:0, instance:com.agrilin.testscript.HomePageTest@39d76cb5]" name="logInTest" class="com.agrilin.testscript.HomePageTest"/>
        <method signature="InvalidLogIn.inValidLoginScenaio_1()[pri:0, instance:com.agrilin.testscript.InvalidLogIn@6736fa8d]" name="inValidLoginScenaio_1" class="com.agrilin.testscript.InvalidLogIn"/>
        <method signature="InvalidLogIn.inValidLoginScenaio_2()[pri:0, instance:com.agrilin.testscript.InvalidLogIn@6736fa8d]" name="inValidLoginScenaio_2" class="com.agrilin.testscript.InvalidLogIn"/>
        <method signature="ValidLogIn.validLogIn()[pri:0, instance:com.agrilin.testscript.ValidLogIn@50313382]" name="validLogIn" class="com.agrilin.testscript.ValidLogIn"/>
      </group> <!-- login -->
    </groups>
    <test started-at="2024-06-02T10:58:01 IST" name="Chrome Browser" finished-at="2024-06-02T10:59:30 IST" duration-ms="89463">
      <class name="com.agrilin.testscript.ValidLogIn">
        <test-method is-config="true" signature="openBrowser(java.lang.String)[pri:0, instance:com.agrilin.testscript.ValidLogIn@75c56eb9]" started-at="2024-06-02T10:59:11 IST" name="openBrowser" finished-at="2024-06-02T10:59:19 IST" duration-ms="8207" status="PASS">
          <params>
            <param index="0">
              <value>
                <![CDATA[chrome]]>
              </value>
            </param>
          </params>
          <reporter-output>
          </reporter-output>
        </test-method> <!-- openBrowser -->
        <test-method signature="validLogIn()[pri:0, instance:com.agrilin.testscript.ValidLogIn@75c56eb9]" started-at="2024-06-02T10:59:19 IST" name="validLogIn" finished-at="2024-06-02T10:59:28 IST" duration-ms="8769" status="PASS">
          <reporter-output>
          </reporter-output>
        </test-method> <!-- validLogIn -->
        <test-method is-config="true" signature="closeBrowser()[pri:0, instance:com.agrilin.testscript.ValidLogIn@75c56eb9]" started-at="2024-06-02T10:59:29 IST" name="closeBrowser" finished-at="2024-06-02T10:59:30 IST" duration-ms="678" status="PASS">
          <reporter-output>
          </reporter-output>
        </test-method> <!-- closeBrowser -->
      </class> <!-- com.agrilin.testscript.ValidLogIn -->
      <class name="com.agrilin.testscript.HomePageTest">
        <test-method is-config="true" signature="openBrowser(java.lang.String)[pri:0, instance:com.agrilin.testscript.HomePageTest@18ece7f4]" started-at="2024-06-02T10:58:01 IST" name="openBrowser" finished-at="2024-06-02T10:58:11 IST" duration-ms="10494" status="PASS">
          <params>
            <param index="0">
              <value>
                <![CDATA[chrome]]>
              </value>
            </param>
          </params>
          <reporter-output>
          </reporter-output>
        </test-method> <!-- openBrowser -->
        <test-method signature="logInTest()[pri:0, instance:com.agrilin.testscript.HomePageTest@18ece7f4]" started-at="2024-06-02T10:58:11 IST" name="logInTest" finished-at="2024-06-02T10:58:19 IST" duration-ms="7901" status="PASS">
          <reporter-output>
          </reporter-output>
        </test-method> <!-- logInTest -->
        <test-method is-config="true" signature="closeBrowser()[pri:0, instance:com.agrilin.testscript.HomePageTest@18ece7f4]" started-at="2024-06-02T10:58:20 IST" name="closeBrowser" finished-at="2024-06-02T10:58:20 IST" duration-ms="463" status="PASS">
          <reporter-output>
          </reporter-output>
        </test-method> <!-- closeBrowser -->
      </class> <!-- com.agrilin.testscript.HomePageTest -->
      <class name="com.agrilin.testscript.InvalidLogIn">
        <test-method is-config="true" signature="openBrowser(java.lang.String)[pri:0, instance:com.agrilin.testscript.InvalidLogIn@4b2c5e02]" started-at="2024-06-02T10:58:44 IST" name="openBrowser" finished-at="2024-06-02T10:58:53 IST" duration-ms="9767" status="PASS">
          <params>
            <param index="0">
              <value>
                <![CDATA[chrome]]>
              </value>
            </param>
          </params>
          <reporter-output>
          </reporter-output>
        </test-method> <!-- openBrowser -->
        <test-method signature="inValidLoginScenaio_1()[pri:0, instance:com.agrilin.testscript.InvalidLogIn@4b2c5e02]" started-at="2024-06-02T10:58:53 IST" name="inValidLoginScenaio_1" finished-at="2024-06-02T10:58:58 IST" duration-ms="4456" status="PASS">
          <reporter-output>
          </reporter-output>
        </test-method> <!-- inValidLoginScenaio_1 -->
        <test-method is-config="true" signature="closeBrowser()[pri:0, instance:com.agrilin.testscript.InvalidLogIn@4b2c5e02]" started-at="2024-06-02T10:58:59 IST" name="closeBrowser" finished-at="2024-06-02T10:58:59 IST" duration-ms="850" status="PASS">
          <reporter-output>
          </reporter-output>
        </test-method> <!-- closeBrowser -->
        <test-method is-config="true" signature="openBrowser(java.lang.String)[pri:0, instance:com.agrilin.testscript.InvalidLogIn@4b2c5e02]" started-at="2024-06-02T10:58:59 IST" name="openBrowser" finished-at="2024-06-02T10:59:07 IST" duration-ms="7827" status="PASS">
          <params>
            <param index="0">
              <value>
                <![CDATA[chrome]]>
              </value>
            </param>
          </params>
          <reporter-output>
          </reporter-output>
        </test-method> <!-- openBrowser -->
        <test-method signature="inValidLoginScenaio_2()[pri:0, instance:com.agrilin.testscript.InvalidLogIn@4b2c5e02]" started-at="2024-06-02T10:59:07 IST" name="inValidLoginScenaio_2" finished-at="2024-06-02T10:59:09 IST" duration-ms="1619" status="PASS">
          <reporter-output>
          </reporter-output>
        </test-method> <!-- inValidLoginScenaio_2 -->
        <test-method is-config="true" signature="closeBrowser()[pri:0, instance:com.agrilin.testscript.InvalidLogIn@4b2c5e02]" started-at="2024-06-02T10:59:11 IST" name="closeBrowser" finished-at="2024-06-02T10:59:11 IST" duration-ms="511" status="PASS">
          <reporter-output>
          </reporter-output>
        </test-method> <!-- closeBrowser -->
      </class> <!-- com.agrilin.testscript.InvalidLogIn -->
      <class name="com.agrilin.testscript.TrendingProductsTest">
        <test-method is-config="true" signature="openBrowser(java.lang.String)[pri:0, instance:com.agrilin.testscript.TrendingProductsTest@a1f72f5]" started-at="2024-06-02T10:58:20 IST" name="openBrowser" finished-at="2024-06-02T10:58:30 IST" duration-ms="9314" status="PASS">
          <params>
            <param index="0">
              <value>
                <![CDATA[chrome]]>
              </value>
            </param>
          </params>
          <reporter-output>
          </reporter-output>
        </test-method> <!-- openBrowser -->
        <test-method signature="trendingProducts()[pri:0, instance:com.agrilin.testscript.TrendingProductsTest@a1f72f5]" started-at="2024-06-02T10:58:30 IST" name="trendingProducts" finished-at="2024-06-02T10:58:41 IST" duration-ms="11147" status="PASS">
          <reporter-output>
          </reporter-output>
        </test-method> <!-- trendingProducts -->
        <test-method is-config="true" signature="closeBrowser()[pri:0, instance:com.agrilin.testscript.TrendingProductsTest@a1f72f5]" started-at="2024-06-02T10:58:42 IST" name="closeBrowser" finished-at="2024-06-02T10:58:44 IST" duration-ms="1220" status="PASS">
          <reporter-output>
          </reporter-output>
        </test-method> <!-- closeBrowser -->
      </class> <!-- com.agrilin.testscript.TrendingProductsTest -->
    </test> <!-- Chrome Browser -->
    <test started-at="2024-06-02T10:58:01 IST" name="Edge Browser" finished-at="2024-06-02T10:59:34 IST" duration-ms="92998">
      <class name="com.agrilin.testscript.ValidLogIn">
        <test-method is-config="true" signature="openBrowser(java.lang.String)[pri:0, instance:com.agrilin.testscript.ValidLogIn@50313382]" started-at="2024-06-02T10:59:16 IST" name="openBrowser" finished-at="2024-06-02T10:59:23 IST" duration-ms="7708" status="PASS">
          <params>
            <param index="0">
              <value>
                <![CDATA[edge]]>
              </value>
            </param>
          </params>
          <reporter-output>
          </reporter-output>
        </test-method> <!-- openBrowser -->
        <test-method signature="validLogIn()[pri:0, instance:com.agrilin.testscript.ValidLogIn@50313382]" started-at="2024-06-02T10:59:23 IST" name="validLogIn" finished-at="2024-06-02T10:59:31 IST" duration-ms="7757" status="PASS">
          <reporter-output>
          </reporter-output>
        </test-method> <!-- validLogIn -->
        <test-method is-config="true" signature="closeBrowser()[pri:0, instance:com.agrilin.testscript.ValidLogIn@50313382]" started-at="2024-06-02T10:59:32 IST" name="closeBrowser" finished-at="2024-06-02T10:59:34 IST" duration-ms="1640" status="PASS">
          <reporter-output>
          </reporter-output>
        </test-method> <!-- closeBrowser -->
      </class> <!-- com.agrilin.testscript.ValidLogIn -->
      <class name="com.agrilin.testscript.HomePageTest">
        <test-method is-config="true" signature="openBrowser(java.lang.String)[pri:0, instance:com.agrilin.testscript.HomePageTest@39d76cb5]" started-at="2024-06-02T10:58:01 IST" name="openBrowser" finished-at="2024-06-02T10:58:11 IST" duration-ms="10323" status="PASS">
          <params>
            <param index="0">
              <value>
                <![CDATA[edge]]>
              </value>
            </param>
          </params>
          <reporter-output>
          </reporter-output>
        </test-method> <!-- openBrowser -->
        <test-method signature="logInTest()[pri:0, instance:com.agrilin.testscript.HomePageTest@39d76cb5]" started-at="2024-06-02T10:58:11 IST" name="logInTest" finished-at="2024-06-02T10:58:19 IST" duration-ms="7862" status="PASS">
          <reporter-output>
          </reporter-output>
        </test-method> <!-- logInTest -->
        <test-method is-config="true" signature="closeBrowser()[pri:0, instance:com.agrilin.testscript.HomePageTest@39d76cb5]" started-at="2024-06-02T10:58:20 IST" name="closeBrowser" finished-at="2024-06-02T10:58:22 IST" duration-ms="2007" status="PASS">
          <reporter-output>
          </reporter-output>
        </test-method> <!-- closeBrowser -->
      </class> <!-- com.agrilin.testscript.HomePageTest -->
      <class name="com.agrilin.testscript.InvalidLogIn">
        <test-method is-config="true" signature="openBrowser(java.lang.String)[pri:0, instance:com.agrilin.testscript.InvalidLogIn@6736fa8d]" started-at="2024-06-02T10:58:50 IST" name="openBrowser" finished-at="2024-06-02T10:58:58 IST" duration-ms="8180" status="PASS">
          <params>
            <param index="0">
              <value>
                <![CDATA[edge]]>
              </value>
            </param>
          </params>
          <reporter-output>
          </reporter-output>
        </test-method> <!-- openBrowser -->
        <test-method signature="inValidLoginScenaio_1()[pri:0, instance:com.agrilin.testscript.InvalidLogIn@6736fa8d]" started-at="2024-06-02T10:58:58 IST" name="inValidLoginScenaio_1" finished-at="2024-06-02T10:59:00 IST" duration-ms="2043" status="PASS">
          <reporter-output>
          </reporter-output>
        </test-method> <!-- inValidLoginScenaio_1 -->
        <test-method is-config="true" signature="closeBrowser()[pri:0, instance:com.agrilin.testscript.InvalidLogIn@6736fa8d]" started-at="2024-06-02T10:59:01 IST" name="closeBrowser" finished-at="2024-06-02T10:59:02 IST" duration-ms="1576" status="PASS">
          <reporter-output>
          </reporter-output>
        </test-method> <!-- closeBrowser -->
        <test-method is-config="true" signature="openBrowser(java.lang.String)[pri:0, instance:com.agrilin.testscript.InvalidLogIn@6736fa8d]" started-at="2024-06-02T10:59:02 IST" name="openBrowser" finished-at="2024-06-02T10:59:10 IST" duration-ms="8123" status="PASS">
          <params>
            <param index="0">
              <value>
                <![CDATA[edge]]>
              </value>
            </param>
          </params>
          <reporter-output>
          </reporter-output>
        </test-method> <!-- openBrowser -->
        <test-method signature="inValidLoginScenaio_2()[pri:0, instance:com.agrilin.testscript.InvalidLogIn@6736fa8d]" started-at="2024-06-02T10:59:10 IST" name="inValidLoginScenaio_2" finished-at="2024-06-02T10:59:12 IST" duration-ms="1609" status="PASS">
          <reporter-output>
          </reporter-output>
        </test-method> <!-- inValidLoginScenaio_2 -->
        <test-method is-config="true" signature="closeBrowser()[pri:0, instance:com.agrilin.testscript.InvalidLogIn@6736fa8d]" started-at="2024-06-02T10:59:14 IST" name="closeBrowser" finished-at="2024-06-02T10:59:16 IST" duration-ms="2004" status="PASS">
          <reporter-output>
          </reporter-output>
        </test-method> <!-- closeBrowser -->
      </class> <!-- com.agrilin.testscript.InvalidLogIn -->
      <class name="com.agrilin.testscript.TrendingProductsTest">
        <test-method is-config="true" signature="openBrowser(java.lang.String)[pri:0, instance:com.agrilin.testscript.TrendingProductsTest@4a00d9cf]" started-at="2024-06-02T10:58:22 IST" name="openBrowser" finished-at="2024-06-02T10:58:31 IST" duration-ms="8980" status="PASS">
          <params>
            <param index="0">
              <value>
                <![CDATA[edge]]>
              </value>
            </param>
          </params>
          <reporter-output>
          </reporter-output>
        </test-method> <!-- openBrowser -->
        <test-method signature="trendingProducts()[pri:0, instance:com.agrilin.testscript.TrendingProductsTest@4a00d9cf]" started-at="2024-06-02T10:58:31 IST" name="trendingProducts" finished-at="2024-06-02T10:58:44 IST" duration-ms="13202" status="PASS">
          <reporter-output>
          </reporter-output>
        </test-method> <!-- trendingProducts -->
        <test-method is-config="true" signature="closeBrowser()[pri:0, instance:com.agrilin.testscript.TrendingProductsTest@4a00d9cf]" started-at="2024-06-02T10:58:46 IST" name="closeBrowser" finished-at="2024-06-02T10:58:50 IST" duration-ms="3858" status="PASS">
          <reporter-output>
          </reporter-output>
        </test-method> <!-- closeBrowser -->
      </class> <!-- com.agrilin.testscript.TrendingProductsTest -->
    </test> <!-- Edge Browser -->
    <test started-at="2024-06-02T10:58:01 IST" name="Firefox Browser" finished-at="2024-06-02T10:59:58 IST" duration-ms="116909">
      <class name="com.agrilin.testscript.ValidLogIn">
        <test-method is-config="true" signature="openBrowser(java.lang.String)[pri:0, instance:com.agrilin.testscript.ValidLogIn@1cd629b3]" started-at="2024-06-02T10:59:44 IST" name="openBrowser" finished-at="2024-06-02T10:59:52 IST" duration-ms="7729" status="PASS">
          <params>
            <param index="0">
              <value>
                <![CDATA[firefox]]>
              </value>
            </param>
          </params>
          <reporter-output>
          </reporter-output>
        </test-method> <!-- openBrowser -->
        <test-method signature="validLogIn()[pri:0, instance:com.agrilin.testscript.ValidLogIn@1cd629b3]" started-at="2024-06-02T10:59:52 IST" name="validLogIn" finished-at="2024-06-02T10:59:56 IST" duration-ms="4135" status="PASS">
          <reporter-output>
          </reporter-output>
        </test-method> <!-- validLogIn -->
        <test-method is-config="true" signature="closeBrowser()[pri:0, instance:com.agrilin.testscript.ValidLogIn@1cd629b3]" started-at="2024-06-02T10:59:56 IST" name="closeBrowser" finished-at="2024-06-02T10:59:58 IST" duration-ms="1630" status="PASS">
          <reporter-output>
          </reporter-output>
        </test-method> <!-- closeBrowser -->
      </class> <!-- com.agrilin.testscript.ValidLogIn -->
      <class name="com.agrilin.testscript.HomePageTest">
        <test-method is-config="true" signature="openBrowser(java.lang.String)[pri:0, instance:com.agrilin.testscript.HomePageTest@4dd6fd0a]" started-at="2024-06-02T10:58:01 IST" name="openBrowser" finished-at="2024-06-02T10:58:19 IST" duration-ms="18329" status="PASS">
          <params>
            <param index="0">
              <value>
                <![CDATA[firefox]]>
              </value>
            </param>
          </params>
          <reporter-output>
          </reporter-output>
        </test-method> <!-- openBrowser -->
        <test-method signature="logInTest()[pri:0, instance:com.agrilin.testscript.HomePageTest@4dd6fd0a]" started-at="2024-06-02T10:58:19 IST" name="logInTest" finished-at="2024-06-02T10:58:28 IST" duration-ms="8380" status="PASS">
          <reporter-output>
          </reporter-output>
        </test-method> <!-- logInTest -->
        <test-method is-config="true" signature="closeBrowser()[pri:0, instance:com.agrilin.testscript.HomePageTest@4dd6fd0a]" started-at="2024-06-02T10:58:29 IST" name="closeBrowser" finished-at="2024-06-02T10:58:33 IST" duration-ms="3812" status="PASS">
          <reporter-output>
          </reporter-output>
        </test-method> <!-- closeBrowser -->
      </class> <!-- com.agrilin.testscript.HomePageTest -->
      <class name="com.agrilin.testscript.InvalidLogIn">
        <test-method is-config="true" signature="openBrowser(java.lang.String)[pri:0, instance:com.agrilin.testscript.InvalidLogIn@5456afaa]" started-at="2024-06-02T10:59:10 IST" name="openBrowser" finished-at="2024-06-02T10:59:27 IST" duration-ms="17792" status="PASS">
          <params>
            <param index="0">
              <value>
                <![CDATA[firefox]]>
              </value>
            </param>
          </params>
          <reporter-output>
          </reporter-output>
        </test-method> <!-- openBrowser -->
        <test-method signature="inValidLoginScenaio_1()[pri:0, instance:com.agrilin.testscript.InvalidLogIn@5456afaa]" started-at="2024-06-02T10:59:27 IST" name="inValidLoginScenaio_1" finished-at="2024-06-02T10:59:31 IST" duration-ms="3996" status="PASS">
          <reporter-output>
          </reporter-output>
        </test-method> <!-- inValidLoginScenaio_1 -->
        <test-method is-config="true" signature="closeBrowser()[pri:0, instance:com.agrilin.testscript.InvalidLogIn@5456afaa]" started-at="2024-06-02T10:59:32 IST" name="closeBrowser" finished-at="2024-06-02T10:59:34 IST" duration-ms="1664" status="PASS">
          <reporter-output>
          </reporter-output>
        </test-method> <!-- closeBrowser -->
        <test-method is-config="true" signature="openBrowser(java.lang.String)[pri:0, instance:com.agrilin.testscript.InvalidLogIn@5456afaa]" started-at="2024-06-02T10:59:34 IST" name="openBrowser" finished-at="2024-06-02T10:59:42 IST" duration-ms="8015" status="PASS">
          <params>
            <param index="0">
              <value>
                <![CDATA[firefox]]>
              </value>
            </param>
          </params>
          <reporter-output>
          </reporter-output>
        </test-method> <!-- openBrowser -->
        <test-method signature="inValidLoginScenaio_2()[pri:0, instance:com.agrilin.testscript.InvalidLogIn@5456afaa]" started-at="2024-06-02T10:59:42 IST" name="inValidLoginScenaio_2" finished-at="2024-06-02T10:59:43 IST" duration-ms="700" status="PASS">
          <reporter-output>
          </reporter-output>
        </test-method> <!-- inValidLoginScenaio_2 -->
        <test-method is-config="true" signature="closeBrowser()[pri:0, instance:com.agrilin.testscript.InvalidLogIn@5456afaa]" started-at="2024-06-02T10:59:43 IST" name="closeBrowser" finished-at="2024-06-02T10:59:44 IST" duration-ms="1329" status="PASS">
          <reporter-output>
          </reporter-output>
        </test-method> <!-- closeBrowser -->
      </class> <!-- com.agrilin.testscript.InvalidLogIn -->
      <class name="com.agrilin.testscript.TrendingProductsTest">
        <test-method is-config="true" signature="openBrowser(java.lang.String)[pri:0, instance:com.agrilin.testscript.TrendingProductsTest@bb9e6dc]" started-at="2024-06-02T10:58:33 IST" name="openBrowser" finished-at="2024-06-02T10:58:49 IST" duration-ms="16109" status="PASS">
          <params>
            <param index="0">
              <value>
                <![CDATA[firefox]]>
              </value>
            </param>
          </params>
          <reporter-output>
          </reporter-output>
        </test-method> <!-- openBrowser -->
        <test-method signature="trendingProducts()[pri:0, instance:com.agrilin.testscript.TrendingProductsTest@bb9e6dc]" started-at="2024-06-02T10:58:49 IST" name="trendingProducts" finished-at="2024-06-02T10:59:05 IST" duration-ms="15883" status="PASS">
          <reporter-output>
          </reporter-output>
        </test-method> <!-- trendingProducts -->
        <test-method is-config="true" signature="closeBrowser()[pri:0, instance:com.agrilin.testscript.TrendingProductsTest@bb9e6dc]" started-at="2024-06-02T10:59:06 IST" name="closeBrowser" finished-at="2024-06-02T10:59:10 IST" duration-ms="3531" status="PASS">
          <reporter-output>
          </reporter-output>
        </test-method> <!-- closeBrowser -->
      </class> <!-- com.agrilin.testscript.TrendingProductsTest -->
    </test> <!-- Firefox Browser -->
  </suite> <!-- Suite -->
</testng-results>
