<?xml version="1.0" encoding="UTF-8"?>
<!-- Generated by org.testng.reporters.JUnitXMLReporter -->
<testsuite ignored="1" hostname="DESKTOP-J9AEECA" failures="0" tests="5" name="Chrome Browser" time="89.463" errors="0" timestamp="2024-06-02T10:59:32 IST">
  <testcase classname="com.agrilin.testscript.HomePageTest" name="logInTest" time="7.901"/>
  <testcase classname="com.agrilin.testscript.TrendingProductsTest" name="trendingProducts" time="11.147"/>
  <testcase classname="com.agrilin.testscript.InvalidLogIn" name="inValidLoginScenaio_1" time="4.456"/>
  <testcase classname="com.agrilin.testscript.InvalidLogIn" name="inValidLoginScenaio_2" time="1.619"/>
  <testcase classname="com.agrilin.testscript.ValidLogIn" name="validLogIn" time="8.769"/>
  <testcase classname="com.agrilin.testscript.OrderStatisticsTest2" name="orderStatistics2" time="0.0">
    <ignored/>
  </testcase> <!-- orderStatistics2 -->
</testsuite> <!-- Chrome Browser -->
