<?xml version="1.0" encoding="UTF-8"?>
<!-- Generated by org.testng.reporters.JUnitXMLReporter -->
<testsuite ignored="1" hostname="DESKTOP-J9AEECA" failures="0" tests="5" name="Firefox Browser" time="116.909" errors="0" timestamp="2024-06-02T10:59:58 IST">
  <testcase classname="com.agrilin.testscript.HomePageTest" name="logInTest" time="8.38"/>
  <testcase classname="com.agrilin.testscript.TrendingProductsTest" name="trendingProducts" time="15.883"/>
  <testcase classname="com.agrilin.testscript.InvalidLogIn" name="inValidLoginScenaio_1" time="3.996"/>
  <testcase classname="com.agrilin.testscript.InvalidLogIn" name="inValidLoginScenaio_2" time="0.7"/>
  <testcase classname="com.agrilin.testscript.ValidLogIn" name="validLogIn" time="4.135"/>
  <testcase classname="com.agrilin.testscript.OrderStatisticsTest2" name="orderStatistics2" time="0.0">
    <ignored/>
  </testcase> <!-- orderStatistics2 -->
</testsuite> <!-- Firefox Browser -->
