<?xml version="1.0" encoding="UTF-8"?>
<!-- Generated by org.testng.reporters.JUnitXMLReporter -->
<testsuite ignored="0" hostname="DESKTOP-J9AEECA" failures="0" tests="3" name="Listener Test" time="88.783" errors="0" timestamp="2024-05-27T14:33:16 IST">
  <testcase classname="com.agrilin.testscript.HomePageTest" name="logInTest" time="4.143"/>
  <testcase classname="com.agrilin.testscript.OrderStatisticsTest" name="orderStatistics" time="49.126"/>
  <testcase classname="com.agrilin.testscript.ValidLogIn" name="validLogIn" time="4.733"/>
</testsuite> <!-- Listener Test -->
